mode: set
github.com/CESNET/micro-tools/log/log.go:21.39,24.40 2 0
github.com/CESNET/micro-tools/log/log.go:25.15,27.33 2 0
github.com/CESNET/micro-tools/log/log.go:28.15,30.33 2 0
github.com/CESNET/micro-tools/log/log.go:31.15,33.33 2 0
github.com/CESNET/micro-tools/log/log.go:34.14,36.32 2 0
github.com/CESNET/micro-tools/log/log.go:37.14,39.32 2 0
github.com/CESNET/micro-tools/log/log.go:40.15,42.33 2 0
github.com/CESNET/micro-tools/log/log.go:43.15,45.33 2 0
github.com/CESNET/micro-tools/log/log.go:46.10,48.32 2 0
github.com/CESNET/micro-tools/log/log.go:51.2,53.20 2 0
github.com/CESNET/micro-tools/log/log.go:53.20,56.36 1 0
github.com/CESNET/micro-tools/log/log.go:56.36,60.6 3 0
github.com/CESNET/micro-tools/log/log.go:63.8,65.3 1 0
github.com/CESNET/micro-tools/log/log.go:67.2,80.3 3 0
github.com/CESNET/micro-tools/log/log.go:89.46,93.9 3 0
github.com/CESNET/micro-tools/log/log.go:94.38,95.29 1 0
github.com/CESNET/micro-tools/log/log.go:96.38,97.29 1 0
github.com/CESNET/micro-tools/log/log.go:98.37,99.28 1 0
github.com/CESNET/micro-tools/log/log.go:100.37,101.28 1 0
github.com/CESNET/micro-tools/log/log.go:102.38,103.29 1 0
github.com/CESNET/micro-tools/log/log.go:104.38,105.29 1 0
github.com/CESNET/micro-tools/log/log.go:106.10,107.28 1 0
github.com/CESNET/micro-tools/log/log.go:112.62,116.9 3 0
github.com/CESNET/micro-tools/log/log.go:117.39,118.29 1 0
github.com/CESNET/micro-tools/log/log.go:119.39,120.29 1 0
github.com/CESNET/micro-tools/log/log.go:121.38,122.28 1 0
github.com/CESNET/micro-tools/log/log.go:123.38,124.28 1 0
github.com/CESNET/micro-tools/log/log.go:125.39,126.29 1 0
github.com/CESNET/micro-tools/log/log.go:127.39,128.29 1 0
github.com/CESNET/micro-tools/log/log.go:129.10,130.28 1 0
github.com/CESNET/micro-tools/log/log.go:135.28,139.21 3 0
github.com/CESNET/micro-tools/log/log.go:139.21,141.3 1 0
github.com/CESNET/micro-tools/log/log.go:143.2,143.11 1 0
github.com/CESNET/micro-tools/log/option.go:15.41,23.25 2 0
github.com/CESNET/micro-tools/log/option.go:23.25,25.3 1 0
github.com/CESNET/micro-tools/log/option.go:27.2,27.12 1 0
github.com/CESNET/micro-tools/log/option.go:31.30,32.26 1 0
github.com/CESNET/micro-tools/log/option.go:32.26,34.3 1 0
github.com/CESNET/micro-tools/log/option.go:38.31,39.26 1 0
github.com/CESNET/micro-tools/log/option.go:39.26,41.3 1 0
github.com/CESNET/micro-tools/log/option.go:45.30,46.26 1 0
github.com/CESNET/micro-tools/log/option.go:46.26,48.3 1 0
github.com/CESNET/micro-tools/log/option.go:52.29,53.26 1 0
github.com/CESNET/micro-tools/log/option.go:53.26,55.3 1 0
github.com/CESNET/micro-tools/middleware/header.go:9.44,10.71 1 1
github.com/CESNET/micro-tools/middleware/header.go:10.71,16.3 4 1
github.com/CESNET/micro-tools/middleware/header.go:20.43,21.71 1 1
github.com/CESNET/micro-tools/middleware/header.go:21.71,22.28 1 1
github.com/CESNET/micro-tools/middleware/header.go:22.28,24.4 1 1
github.com/CESNET/micro-tools/middleware/header.go:24.9,31.4 5 1
github.com/CESNET/micro-tools/middleware/header.go:36.45,37.71 1 1
github.com/CESNET/micro-tools/middleware/header.go:37.71,43.19 5 1
github.com/CESNET/micro-tools/middleware/header.go:43.19,45.4 1 1
github.com/CESNET/micro-tools/middleware/header.go:47.3,47.23 1 1
github.com/CESNET/micro-tools/middleware/logger.go:12.64,13.46 1 0
github.com/CESNET/micro-tools/middleware/logger.go:13.46,14.72 1 0
github.com/CESNET/micro-tools/middleware/logger.go:14.72,29.4 4 0
github.com/CESNET/micro-tools/middleware/oidc.go:17.55,20.25 2 1
github.com/CESNET/micro-tools/middleware/oidc.go:20.25,22.3 1 1
github.com/CESNET/micro-tools/middleware/oidc.go:24.2,24.12 1 1
github.com/CESNET/micro-tools/middleware/oidc.go:28.73,32.21 2 1
github.com/CESNET/micro-tools/middleware/oidc.go:32.21,34.3 1 0
github.com/CESNET/micro-tools/middleware/oidc.go:35.2,35.30 1 1
github.com/CESNET/micro-tools/middleware/oidc.go:35.30,37.3 1 1
github.com/CESNET/micro-tools/middleware/oidc.go:39.2,41.46 2 1
github.com/CESNET/micro-tools/middleware/oidc.go:41.46,42.72 1 0
github.com/CESNET/micro-tools/middleware/oidc.go:42.72,45.61 2 0
github.com/CESNET/micro-tools/middleware/oidc.go:45.61,49.5 3 0
github.com/CESNET/micro-tools/middleware/oidc.go:51.4,65.27 5 0
github.com/CESNET/micro-tools/middleware/oidc.go:65.27,71.19 2 0
github.com/CESNET/micro-tools/middleware/oidc.go:71.19,75.6 3 0
github.com/CESNET/micro-tools/middleware/oidc.go:76.5,76.28 1 0
github.com/CESNET/micro-tools/middleware/oidc.go:80.4,87.18 4 0
github.com/CESNET/micro-tools/middleware/oidc.go:87.18,91.5 3 0
github.com/CESNET/micro-tools/middleware/oidc.go:94.4,94.51 1 0
github.com/CESNET/micro-tools/middleware/oidc.go:94.51,98.5 3 0
github.com/CESNET/micro-tools/middleware/oidc.go:99.4,104.25 3 0
github.com/CESNET/micro-tools/middleware/realip.go:10.45,11.71 1 1
github.com/CESNET/micro-tools/middleware/realip.go:11.71,12.39 1 1
github.com/CESNET/micro-tools/middleware/realip.go:12.39,14.4 1 1
github.com/CESNET/micro-tools/middleware/realip.go:16.3,16.23 1 1
github.com/CESNET/micro-tools/middleware/requestid.go:10.48,12.2 1 1
github.com/CESNET/micro-tools/middleware/token.go:14.58,15.46 1 1
github.com/CESNET/micro-tools/middleware/token.go:15.46,16.72 1 1
github.com/CESNET/micro-tools/middleware/token.go:16.72,17.19 1 1
github.com/CESNET/micro-tools/middleware/token.go:17.19,20.5 2 1
github.com/CESNET/micro-tools/middleware/token.go:22.4,24.20 2 1
github.com/CESNET/micro-tools/middleware/token.go:24.20,27.5 2 0
github.com/CESNET/micro-tools/middleware/token.go:29.4,29.33 1 1
github.com/CESNET/micro-tools/middleware/token.go:29.33,32.5 2 1
github.com/CESNET/micro-tools/middleware/token.go:34.4,34.24 1 1
github.com/CESNET/micro-tools/middleware/version.go:10.68,11.46 1 1
github.com/CESNET/micro-tools/middleware/version.go:11.46,12.72 1 1
github.com/CESNET/micro-tools/middleware/version.go:12.72,19.4 2 1
github.com/CESNET/micro-tools/oidc/context.go:9.76,11.2 1 0
github.com/CESNET/micro-tools/oidc/context.go:14.55,17.2 2 0
github.com/CESNET/micro-tools/oidc/option.go:25.34,26.26 1 0
github.com/CESNET/micro-tools/oidc/option.go:26.26,28.3 1 0
github.com/CESNET/micro-tools/oidc/option.go:32.32,33.26 1 1
github.com/CESNET/micro-tools/oidc/option.go:33.26,35.3 1 1
github.com/CESNET/micro-tools/oidc/option.go:39.29,40.26 1 1
github.com/CESNET/micro-tools/oidc/option.go:40.26,42.3 1 1
github.com/CESNET/micro-tools/oidc/option.go:46.38,47.26 1 0
github.com/CESNET/micro-tools/oidc/option.go:47.26,49.3 1 0
github.com/CESNET/micro-tools/oidc/option.go:53.30,54.26 1 1
github.com/CESNET/micro-tools/oidc/option.go:54.26,56.3 1 1
github.com/CESNET/micro-tools/service/debug/option.go:25.41,28.25 2 0
github.com/CESNET/micro-tools/service/debug/option.go:28.25,30.3 1 0
github.com/CESNET/micro-tools/service/debug/option.go:32.2,32.12 1 0
github.com/CESNET/micro-tools/service/debug/option.go:36.34,37.26 1 0
github.com/CESNET/micro-tools/service/debug/option.go:37.26,39.3 1 0
github.com/CESNET/micro-tools/service/debug/option.go:43.28,44.26 1 0
github.com/CESNET/micro-tools/service/debug/option.go:44.26,46.3 1 0
github.com/CESNET/micro-tools/service/debug/option.go:50.31,51.26 1 0
github.com/CESNET/micro-tools/service/debug/option.go:51.26,53.3 1 0
github.com/CESNET/micro-tools/service/debug/option.go:57.31,58.26 1 0
github.com/CESNET/micro-tools/service/debug/option.go:58.26,60.3 1 0
github.com/CESNET/micro-tools/service/debug/option.go:64.29,65.26 1 0
github.com/CESNET/micro-tools/service/debug/option.go:65.26,67.3 1 0
github.com/CESNET/micro-tools/service/debug/option.go:71.27,72.26 1 0
github.com/CESNET/micro-tools/service/debug/option.go:72.26,74.3 1 0
github.com/CESNET/micro-tools/service/debug/option.go:78.28,79.26 1 0
github.com/CESNET/micro-tools/service/debug/option.go:79.26,81.3 1 0
github.com/CESNET/micro-tools/service/debug/option.go:85.64,86.26 1 0
github.com/CESNET/micro-tools/service/debug/option.go:86.26,88.3 1 0
github.com/CESNET/micro-tools/service/debug/option.go:92.63,93.26 1 0
github.com/CESNET/micro-tools/service/debug/option.go:93.26,95.3 1 0
github.com/CESNET/micro-tools/service/debug/service.go:14.46,35.17 7 0
github.com/CESNET/micro-tools/service/debug/service.go:35.17,41.3 5 0
github.com/CESNET/micro-tools/service/debug/service.go:43.2,43.18 1 0
github.com/CESNET/micro-tools/service/debug/service.go:43.18,45.3 1 0
github.com/CESNET/micro-tools/service/debug/service.go:47.2,62.3 1 0
